(index):17  The Content Security Policy directive 'frame-ancestors' is ignored when delivered via a <meta> element.
 You are running a development build of Vue.
Make sure to use the production build (*.prod.js) when deploying for production.
  cdn.tailwindcss.com should not be used in production. To use Tailwind CSS in production, install it as a PostCSS plugin or use the Tailwind CLI: https://tailwindcss.com/docs/installation
(anonymous) @ (index):64
The specified value "" does not conform to the required format.  The format is "#rrggbb" where rr, gg, bb are two-digit hexadecimal numbers.
The specified value "" does not conform to the required format.  The format is "#rrggbb" where rr, gg, bb are two-digit hexadecimal numbers.
The specified value "" does not conform to the required format.  The format is "#rrggbb" where rr, gg, bb are two-digit hexadecimal numbers.
The specified value "" does not conform to the required format.  The format is "#rrggbb" where rr, gg, bb are two-digit hexadecimal numbers.
The specified value "" does not conform to the required format.  The format is "#rrggbb" where rr, gg, bb are two-digit hexadecimal numbers.
The specified value "" does not conform to the required format.  The format is "#rrggbb" where rr, gg, bb are two-digit hexadecimal numbers.
The specified value "" does not conform to the required format.  The format is "#rrggbb" where rr, gg, bb are two-digit hexadecimal numbers.
The specified value "" does not conform to the required format.  The format is "#rrggbb" where rr, gg, bb are two-digit hexadecimal numbers.
The specified value "" does not conform to the required format.  The format is "#rrggbb" where rr, gg, bb are two-digit hexadecimal numbers.
The specified value "" does not conform to the required format.  The format is "#rrggbb" where rr, gg, bb are two-digit hexadecimal numbers.
The specified value "" does not conform to the required format.  The format is "#rrggbb" where rr, gg, bb are two-digit hexadecimal numbers.
The specified value "" does not conform to the required format.  The format is "#rrggbb" where rr, gg, bb are two-digit hexadecimal numbers.
The specified value "" does not conform to the required format.  The format is "#rrggbb" where rr, gg, bb are two-digit hexadecimal numbers.
The specified value "" does not conform to the required format.  The format is "#rrggbb" where rr, gg, bb are two-digit hexadecimal numbers.
The specified value "" does not conform to the required format.  The format is "#rrggbb" where rr, gg, bb are two-digit hexadecimal numbers.
The specified value "" does not conform to the required format.  The format is "#rrggbb" where rr, gg, bb are two-digit hexadecimal numbers.
The specified value "" does not conform to the required format.  The format is "#rrggbb" where rr, gg, bb are two-digit hexadecimal numbers.
The specified value "" does not conform to the required format.  The format is "#rrggbb" where rr, gg, bb are two-digit hexadecimal numbers.
The specified value "" does not conform to the required format.  The format is "#rrggbb" where rr, gg, bb are two-digit hexadecimal numbers.
The specified value "" does not conform to the required format.  The format is "#rrggbb" where rr, gg, bb are two-digit hexadecimal numbers.
The specified value "" does not conform to the required format.  The format is "#rrggbb" where rr, gg, bb are two-digit hexadecimal numbers.
The specified value "" does not conform to the required format.  The format is "#rrggbb" where rr, gg, bb are two-digit hexadecimal numbers.
The specified value "" does not conform to the required format.  The format is "#rrggbb" where rr, gg, bb are two-digit hexadecimal numbers.
The specified value "" does not conform to the required format.  The format is "#rrggbb" where rr, gg, bb are two-digit hexadecimal numbers.
The specified value "" does not conform to the required format.  The format is "#rrggbb" where rr, gg, bb are two-digit hexadecimal numbers.
The specified value "" does not conform to the required format.  The format is "#rrggbb" where rr, gg, bb are two-digit hexadecimal numbers.
The specified value "" does not conform to the required format.  The format is "#rrggbb" where rr, gg, bb are two-digit hexadecimal numbers.
The specified value "" does not conform to the required format.  The format is "#rrggbb" where rr, gg, bb are two-digit hexadecimal numbers.
The specified value "" does not conform to the required format.  The format is "#rrggbb" where rr, gg, bb are two-digit hexadecimal numbers.
The specified value "" does not conform to the required format.  The format is "#rrggbb" where rr, gg, bb are two-digit hexadecimal numbers.
The specified value "" does not conform to the required format.  The format is "#rrggbb" where rr, gg, bb are two-digit hexadecimal numbers.
The specified value "" does not conform to the required format.  The format is "#rrggbb" where rr, gg, bb are two-digit hexadecimal numbers.
The specified value "" does not conform to the required format.  The format is "#rrggbb" where rr, gg, bb are two-digit hexadecimal numbers.
The specified value "" does not conform to the required format.  The format is "#rrggbb" where rr, gg, bb are two-digit hexadecimal numbers.
The specified value "" does not conform to the required format.  The format is "#rrggbb" where rr, gg, bb are two-digit hexadecimal numbers.
The specified value "" does not conform to the required format.  The format is "#rrggbb" where rr, gg, bb are two-digit hexadecimal numbers.
The specified value "" does not conform to the required format.  The format is "#rrggbb" where rr, gg, bb are two-digit hexadecimal numbers.
The specified value "" does not conform to the required format.  The format is "#rrggbb" where rr, gg, bb are two-digit hexadecimal numbers.
The specified value "" does not conform to the required format.  The format is "#rrggbb" where rr, gg, bb are two-digit hexadecimal numbers.
The specified value "" does not conform to the required format.  The format is "#rrggbb" where rr, gg, bb are two-digit hexadecimal numbers.
The specified value "" does not conform to the required format.  The format is "#rrggbb" where rr, gg, bb are two-digit hexadecimal numbers.
The specified value "" does not conform to the required format.  The format is "#rrggbb" where rr, gg, bb are two-digit hexadecimal numbers.
The specified value "" does not conform to the required format.  The format is "#rrggbb" where rr, gg, bb are two-digit hexadecimal numbers.
The specified value "" does not conform to the required format.  The format is "#rrggbb" where rr, gg, bb are two-digit hexadecimal numbers.
The specified value "" does not conform to the required format.  The format is "#rrggbb" where rr, gg, bb are two-digit hexadecimal numbers.
The specified value "" does not conform to the required format.  The format is "#rrggbb" where rr, gg, bb are two-digit hexadecimal numbers.
The specified value "" does not conform to the required format.  The format is "#rrggbb" where rr, gg, bb are two-digit hexadecimal numbers.
The specified value "" does not conform to the required format.  The format is "#rrggbb" where rr, gg, bb are two-digit hexadecimal numbers.
The specified value "" does not conform to the required format.  The format is "#rrggbb" where rr, gg, bb are two-digit hexadecimal numbers.
The specified value "" does not conform to the required format.  The format is "#rrggbb" where rr, gg, bb are two-digit hexadecimal numbers.
The specified value "" does not conform to the required format.  The format is "#rrggbb" where rr, gg, bb are two-digit hexadecimal numbers.
The specified value "" does not conform to the required format.  The format is "#rrggbb" where rr, gg, bb are two-digit hexadecimal numbers.
The specified value "" does not conform to the required format.  The format is "#rrggbb" where rr, gg, bb are two-digit hexadecimal numbers.
The specified value "" does not conform to the required format.  The format is "#rrggbb" where rr, gg, bb are two-digit hexadecimal numbers.
The specified value "" does not conform to the required format.  The format is "#rrggbb" where rr, gg, bb are two-digit hexadecimal numbers.
The specified value "" does not conform to the required format.  The format is "#rrggbb" where rr, gg, bb are two-digit hexadecimal numbers.
The specified value "" does not conform to the required format.  The format is "#rrggbb" where rr, gg, bb are two-digit hexadecimal numbers.
The specified value "" does not conform to the required format.  The format is "#rrggbb" where rr, gg, bb are two-digit hexadecimal numbers.
The specified value "" does not conform to the required format.  The format is "#rrggbb" where rr, gg, bb are two-digit hexadecimal numbers.
The specified value "" does not conform to the required format.  The format is "#rrggbb" where rr, gg, bb are two-digit hexadecimal numbers.
The specified value "" does not conform to the required format.  The format is "#rrggbb" where rr, gg, bb are two-digit hexadecimal numbers.
The specified value "" does not conform to the required format.  The format is "#rrggbb" where rr, gg, bb are two-digit hexadecimal numbers.
The specified value "" does not conform to the required format.  The format is "#rrggbb" where rr, gg, bb are two-digit hexadecimal numbers.
The specified value "" does not conform to the required format.  The format is "#rrggbb" where rr, gg, bb are two-digit hexadecimal numbers.
The specified value "" does not conform to the required format.  The format is "#rrggbb" where rr, gg, bb are two-digit hexadecimal numbers.
The specified value "" does not conform to the required format.  The format is "#rrggbb" where rr, gg, bb are two-digit hexadecimal numbers.
The specified value "" does not conform to the required format.  The format is "#rrggbb" where rr, gg, bb are two-digit hexadecimal numbers.
The specified value "" does not conform to the required format.  The format is "#rrggbb" where rr, gg, bb are two-digit hexadecimal numbers.
The specified value "" does not conform to the required format.  The format is "#rrggbb" where rr, gg, bb are two-digit hexadecimal numbers.
The specified value "" does not conform to the required format.  The format is "#rrggbb" where rr, gg, bb are two-digit hexadecimal numbers.
The specified value "" does not conform to the required format.  The format is "#rrggbb" where rr, gg, bb are two-digit hexadecimal numbers.
The specified value "" does not conform to the required format.  The format is "#rrggbb" where rr, gg, bb are two-digit hexadecimal numbers.
The specified value "" does not conform to the required format.  The format is "#rrggbb" where rr, gg, bb are two-digit hexadecimal numbers.
The specified value "" does not conform to the required format.  The format is "#rrggbb" where rr, gg, bb are two-digit hexadecimal numbers.
The specified value "" does not conform to the required format.  The format is "#rrggbb" where rr, gg, bb are two-digit hexadecimal numbers.
The specified value "" does not conform to the required format.  The format is "#rrggbb" where rr, gg, bb are two-digit hexadecimal numbers.
The specified value "" does not conform to the required format.  The format is "#rrggbb" where rr, gg, bb are two-digit hexadecimal numbers.
The specified value "" does not conform to the required format.  The format is "#rrggbb" where rr, gg, bb are two-digit hexadecimal numbers.
The specified value "" does not conform to the required format.  The format is "#rrggbb" where rr, gg, bb are two-digit hexadecimal numbers.
The specified value "" does not conform to the required format.  The format is "#rrggbb" where rr, gg, bb are two-digit hexadecimal numbers.
The specified value "" does not conform to the required format.  The format is "#rrggbb" where rr, gg, bb are two-digit hexadecimal numbers.
The specified value "" does not conform to the required format.  The format is "#rrggbb" where rr, gg, bb are two-digit hexadecimal numbers.
The specified value "" does not conform to the required format.  The format is "#rrggbb" where rr, gg, bb are two-digit hexadecimal numbers.
The specified value "" does not conform to the required format.  The format is "#rrggbb" where rr, gg, bb are two-digit hexadecimal numbers.
The specified value "" does not conform to the required format.  The format is "#rrggbb" where rr, gg, bb are two-digit hexadecimal numbers.
The specified value "" does not conform to the required format.  The format is "#rrggbb" where rr, gg, bb are two-digit hexadecimal numbers.
The specified value "" does not conform to the required format.  The format is "#rrggbb" where rr, gg, bb are two-digit hexadecimal numbers.
The specified value "" does not conform to the required format.  The format is "#rrggbb" where rr, gg, bb are two-digit hexadecimal numbers.
The specified value "" does not conform to the required format.  The format is "#rrggbb" where rr, gg, bb are two-digit hexadecimal numbers.
The specified value "" does not conform to the required format.  The format is "#rrggbb" where rr, gg, bb are two-digit hexadecimal numbers.
The specified value "" does not conform to the required format.  The format is "#rrggbb" where rr, gg, bb are two-digit hexadecimal numbers.
The specified value "" does not conform to the required format.  The format is "#rrggbb" where rr, gg, bb are two-digit hexadecimal numbers.
The specified value "" does not conform to the required format.  The format is "#rrggbb" where rr, gg, bb are two-digit hexadecimal numbers.
The specified value "" does not conform to the required format.  The format is "#rrggbb" where rr, gg, bb are two-digit hexadecimal numbers.
The specified value "" does not conform to the required format.  The format is "#rrggbb" where rr, gg, bb are two-digit hexadecimal numbers.
The specified value "" does not conform to the required format.  The format is "#rrggbb" where rr, gg, bb are two-digit hexadecimal numbers.
The specified value "" does not conform to the required format.  The format is "#rrggbb" where rr, gg, bb are two-digit hexadecimal numbers.
The specified value "" does not conform to the required format.  The format is "#rrggbb" where rr, gg, bb are two-digit hexadecimal numbers.
The specified value "" does not conform to the required format.  The format is "#rrggbb" where rr, gg, bb are two-digit hexadecimal numbers.
The specified value "" does not conform to the required format.  The format is "#rrggbb" where rr, gg, bb are two-digit hexadecimal numbers.
The specified value "" does not conform to the required format.  The format is "#rrggbb" where rr, gg, bb are two-digit hexadecimal numbers.
The specified value "" does not conform to the required format.  The format is "#rrggbb" where rr, gg, bb are two-digit hexadecimal numbers.
The specified value "" does not conform to the required format.  The format is "#rrggbb" where rr, gg, bb are two-digit hexadecimal numbers.
The specified value "" does not conform to the required format.  The format is "#rrggbb" where rr, gg, bb are two-digit hexadecimal numbers.
The specified value "" does not conform to the required format.  The format is "#rrggbb" where rr, gg, bb are two-digit hexadecimal numbers.
The specified value "" does not conform to the required format.  The format is "#rrggbb" where rr, gg, bb are two-digit hexadecimal numbers.
The specified value "" does not conform to the required format.  The format is "#rrggbb" where rr, gg, bb are two-digit hexadecimal numbers.
The specified value "" does not conform to the required format.  The format is "#rrggbb" where rr, gg, bb are two-digit hexadecimal numbers.
The specified value "" does not conform to the required format.  The format is "#rrggbb" where rr, gg, bb are two-digit hexadecimal numbers.
The specified value "" does not conform to the required format.  The format is "#rrggbb" where rr, gg, bb are two-digit hexadecimal numbers.
The specified value "" does not conform to the required format.  The format is "#rrggbb" where rr, gg, bb are two-digit hexadecimal numbers.
The specified value "" does not conform to the required format.  The format is "#rrggbb" where rr, gg, bb are two-digit hexadecimal numbers.
The specified value "" does not conform to the required format.  The format is "#rrggbb" where rr, gg, bb are two-digit hexadecimal numbers.
The specified value "" does not conform to the required format.  The format is "#rrggbb" where rr, gg, bb are two-digit hexadecimal numbers.
The specified value "" does not conform to the required format.  The format is "#rrggbb" where rr, gg, bb are two-digit hexadecimal numbers.
The specified value "" does not conform to the required format.  The format is "#rrggbb" where rr, gg, bb are two-digit hexadecimal numbers.
The specified value "" does not conform to the required format.  The format is "#rrggbb" where rr, gg, bb are two-digit hexadecimal numbers.
The specified value "" does not conform to the required format.  The format is "#rrggbb" where rr, gg, bb are two-digit hexadecimal numbers.
The specified value "" does not conform to the required format.  The format is "#rrggbb" where rr, gg, bb are two-digit hexadecimal numbers.
The specified value "" does not conform to the required format.  The format is "#rrggbb" where rr, gg, bb are two-digit hexadecimal numbers.
The specified value "" does not conform to the required format.  The format is "#rrggbb" where rr, gg, bb are two-digit hexadecimal numbers.
The specified value "" does not conform to the required format.  The format is "#rrggbb" where rr, gg, bb are two-digit hexadecimal numbers.
The specified value "" does not conform to the required format.  The format is "#rrggbb" where rr, gg, bb are two-digit hexadecimal numbers.
The specified value "" does not conform to the required format.  The format is "#rrggbb" where rr, gg, bb are two-digit hexadecimal numbers.
The specified value "" does not conform to the required format.  The format is "#rrggbb" where rr, gg, bb are two-digit hexadecimal numbers.
The specified value "" does not conform to the required format.  The format is "#rrggbb" where rr, gg, bb are two-digit hexadecimal numbers.
The specified value "" does not conform to the required format.  The format is "#rrggbb" where rr, gg, bb are two-digit hexadecimal numbers.
The specified value "" does not conform to the required format.  The format is "#rrggbb" where rr, gg, bb are two-digit hexadecimal numbers.
The specified value "" does not conform to the required format.  The format is "#rrggbb" where rr, gg, bb are two-digit hexadecimal numbers.
The specified value "" does not conform to the required format.  The format is "#rrggbb" where rr, gg, bb are two-digit hexadecimal numbers.
The specified value "" does not conform to the required format.  The format is "#rrggbb" where rr, gg, bb are two-digit hexadecimal numbers.
The specified value "" does not conform to the required format.  The format is "#rrggbb" where rr, gg, bb are two-digit hexadecimal numbers.
The specified value "" does not conform to the required format.  The format is "#rrggbb" where rr, gg, bb are two-digit hexadecimal numbers.
The specified value "" does not conform to the required format.  The format is "#rrggbb" where rr, gg, bb are two-digit hexadecimal numbers.
The specified value "" does not conform to the required format.  The format is "#rrggbb" where rr, gg, bb are two-digit hexadecimal numbers.
The specified value "" does not conform to the required format.  The format is "#rrggbb" where rr, gg, bb are two-digit hexadecimal numbers.
The specified value "" does not conform to the required format.  The format is "#rrggbb" where rr, gg, bb are two-digit hexadecimal numbers.
The specified value "" does not conform to the required format.  The format is "#rrggbb" where rr, gg, bb are two-digit hexadecimal numbers.
The specified value "" does not conform to the required format.  The format is "#rrggbb" where rr, gg, bb are two-digit hexadecimal numbers.
The specified value "" does not conform to the required format.  The format is "#rrggbb" where rr, gg, bb are two-digit hexadecimal numbers.
The specified value "" does not conform to the required format.  The format is "#rrggbb" where rr, gg, bb are two-digit hexadecimal numbers.
The specified value "" does not conform to the required format.  The format is "#rrggbb" where rr, gg, bb are two-digit hexadecimal numbers.
The specified value "" does not conform to the required format.  The format is "#rrggbb" where rr, gg, bb are two-digit hexadecimal numbers.
The specified value "" does not conform to the required format.  The format is "#rrggbb" where rr, gg, bb are two-digit hexadecimal numbers.
The specified value "" does not conform to the required format.  The format is "#rrggbb" where rr, gg, bb are two-digit hexadecimal numbers.
The specified value "" does not conform to the required format.  The format is "#rrggbb" where rr, gg, bb are two-digit hexadecimal numbers.
The specified value "" does not conform to the required format.  The format is "#rrggbb" where rr, gg, bb are two-digit hexadecimal numbers.
The specified value "" does not conform to the required format.  The format is "#rrggbb" where rr, gg, bb are two-digit hexadecimal numbers.
The specified value "" does not conform to the required format.  The format is "#rrggbb" where rr, gg, bb are two-digit hexadecimal numbers.
The specified value "" does not conform to the required format.  The format is "#rrggbb" where rr, gg, bb are two-digit hexadecimal numbers.
The specified value "" does not conform to the required format.  The format is "#rrggbb" where rr, gg, bb are two-digit hexadecimal numbers.
The specified value "" does not conform to the required format.  The format is "#rrggbb" where rr, gg, bb are two-digit hexadecimal numbers.
The specified value "" does not conform to the required format.  The format is "#rrggbb" where rr, gg, bb are two-digit hexadecimal numbers.
The specified value "" does not conform to the required format.  The format is "#rrggbb" where rr, gg, bb are two-digit hexadecimal numbers.
The specified value "" does not conform to the required format.  The format is "#rrggbb" where rr, gg, bb are two-digit hexadecimal numbers.
The specified value "" does not conform to the required format.  The format is "#rrggbb" where rr, gg, bb are two-digit hexadecimal numbers.
The specified value "" does not conform to the required format.  The format is "#rrggbb" where rr, gg, bb are two-digit hexadecimal numbers.
The specified value "" does not conform to the required format.  The format is "#rrggbb" where rr, gg, bb are two-digit hexadecimal numbers.
The specified value "" does not conform to the required format.  The format is "#rrggbb" where rr, gg, bb are two-digit hexadecimal numbers.
The specified value "" does not conform to the required format.  The format is "#rrggbb" where rr, gg, bb are two-digit hexadecimal numbers.
The specified value "" does not conform to the required format.  The format is "#rrggbb" where rr, gg, bb are two-digit hexadecimal numbers.
The specified value "" does not conform to the required format.  The format is "#rrggbb" where rr, gg, bb are two-digit hexadecimal numbers.
The specified value "" does not conform to the required format.  The format is "#rrggbb" where rr, gg, bb are two-digit hexadecimal numbers.
The specified value "" does not conform to the required format.  The format is "#rrggbb" where rr, gg, bb are two-digit hexadecimal numbers.
The specified value "" does not conform to the required format.  The format is "#rrggbb" where rr, gg, bb are two-digit hexadecimal numbers.
The specified value "" does not conform to the required format.  The format is "#rrggbb" where rr, gg, bb are two-digit hexadecimal numbers.
The specified value "" does not conform to the required format.  The format is "#rrggbb" where rr, gg, bb are two-digit hexadecimal numbers.
The specified value "" does not conform to the required format.  The format is "#rrggbb" where rr, gg, bb are two-digit hexadecimal numbers.
The specified value "" does not conform to the required format.  The format is "#rrggbb" where rr, gg, bb are two-digit hexadecimal numbers.
The specified value "" does not conform to the required format.  The format is "#rrggbb" where rr, gg, bb are two-digit hexadecimal numbers.
The specified value "" does not conform to the required format.  The format is "#rrggbb" where rr, gg, bb are two-digit hexadecimal numbers.
The specified value "" does not conform to the required format.  The format is "#rrggbb" where rr, gg, bb are two-digit hexadecimal numbers.
The specified value "" does not conform to the required format.  The format is "#rrggbb" where rr, gg, bb are two-digit hexadecimal numbers.
The specified value "" does not conform to the required format.  The format is "#rrggbb" where rr, gg, bb are two-digit hexadecimal numbers.
The specified value "" does not conform to the required format.  The format is "#rrggbb" where rr, gg, bb are two-digit hexadecimal numbers.
The specified value "" does not conform to the required format.  The format is "#rrggbb" where rr, gg, bb are two-digit hexadecimal numbers.
The specified value "" does not conform to the required format.  The format is "#rrggbb" where rr, gg, bb are two-digit hexadecimal numbers.
The specified value "" does not conform to the required format.  The format is "#rrggbb" where rr, gg, bb are two-digit hexadecimal numbers.
The specified value "" does not conform to the required format.  The format is "#rrggbb" where rr, gg, bb are two-digit hexadecimal numbers.
The specified value "" does not conform to the required format.  The format is "#rrggbb" where rr, gg, bb are two-digit hexadecimal numbers.
The specified value "" does not conform to the required format.  The format is "#rrggbb" where rr, gg, bb are two-digit hexadecimal numbers.
The specified value "" does not conform to the required format.  The format is "#rrggbb" where rr, gg, bb are two-digit hexadecimal numbers.
The specified value "" does not conform to the required format.  The format is "#rrggbb" where rr, gg, bb are two-digit hexadecimal numbers.
The specified value "" does not conform to the required format.  The format is "#rrggbb" where rr, gg, bb are two-digit hexadecimal numbers.
The specified value "" does not conform to the required format.  The format is "#rrggbb" where rr, gg, bb are two-digit hexadecimal numbers.
The specified value "" does not conform to the required format.  The format is "#rrggbb" where rr, gg, bb are two-digit hexadecimal numbers.
The specified value "" does not conform to the required format.  The format is "#rrggbb" where rr, gg, bb are two-digit hexadecimal numbers.
The specified value "" does not conform to the required format.  The format is "#rrggbb" where rr, gg, bb are two-digit hexadecimal numbers.
The specified value "" does not conform to the required format.  The format is "#rrggbb" where rr, gg, bb are two-digit hexadecimal numbers.
The specified value "" does not conform to the required format.  The format is "#rrggbb" where rr, gg, bb are two-digit hexadecimal numbers.
The specified value "" does not conform to the required format.  The format is "#rrggbb" where rr, gg, bb are two-digit hexadecimal numbers.
The specified value "" does not conform to the required format.  The format is "#rrggbb" where rr, gg, bb are two-digit hexadecimal numbers.
The specified value "" does not conform to the required format.  The format is "#rrggbb" where rr, gg, bb are two-digit hexadecimal numbers.
The specified value "" does not conform to the required format.  The format is "#rrggbb" where rr, gg, bb are two-digit hexadecimal numbers.
The specified value "" does not conform to the required format.  The format is "#rrggbb" where rr, gg, bb are two-digit hexadecimal numbers.
The specified value "" does not conform to the required format.  The format is "#rrggbb" where rr, gg, bb are two-digit hexadecimal numbers.
The specified value "" does not conform to the required format.  The format is "#rrggbb" where rr, gg, bb are two-digit hexadecimal numbers.
The specified value "" does not conform to the required format.  The format is "#rrggbb" where rr, gg, bb are two-digit hexadecimal numbers.
The specified value "" does not conform to the required format.  The format is "#rrggbb" where rr, gg, bb are two-digit hexadecimal numbers.
The specified value "" does not conform to the required format.  The format is "#rrggbb" where rr, gg, bb are two-digit hexadecimal numbers.
The specified value "" does not conform to the required format.  The format is "#rrggbb" where rr, gg, bb are two-digit hexadecimal numbers.
The specified value "" does not conform to the required format.  The format is "#rrggbb" where rr, gg, bb are two-digit hexadecimal numbers.
The specified value "" does not conform to the required format.  The format is "#rrggbb" where rr, gg, bb are two-digit hexadecimal numbers.
The specified value "" does not conform to the required format.  The format is "#rrggbb" where rr, gg, bb are two-digit hexadecimal numbers.
The specified value "" does not conform to the required format.  The format is "#rrggbb" where rr, gg, bb are two-digit hexadecimal numbers.
The specified value "" does not conform to the required format.  The format is "#rrggbb" where rr, gg, bb are two-digit hexadecimal numbers.
The specified value "" does not conform to the required format.  The format is "#rrggbb" where rr, gg, bb are two-digit hexadecimal numbers.
The specified value "" does not conform to the required format.  The format is "#rrggbb" where rr, gg, bb are two-digit hexadecimal numbers.
The specified value "" does not conform to the required format.  The format is "#rrggbb" where rr, gg, bb are two-digit hexadecimal numbers.
The specified value "" does not conform to the required format.  The format is "#rrggbb" where rr, gg, bb are two-digit hexadecimal numbers.
The specified value "" does not conform to the required format.  The format is "#rrggbb" where rr, gg, bb are two-digit hexadecimal numbers.
The specified value "" does not conform to the required format.  The format is "#rrggbb" where rr, gg, bb are two-digit hexadecimal numbers.
The specified value "" does not conform to the required format.  The format is "#rrggbb" where rr, gg, bb are two-digit hexadecimal numbers.
The specified value "" does not conform to the required format.  The format is "#rrggbb" where rr, gg, bb are two-digit hexadecimal numbers.
The specified value "" does not conform to the required format.  The format is "#rrggbb" where rr, gg, bb are two-digit hexadecimal numbers.
The specified value "" does not conform to the required format.  The format is "#rrggbb" where rr, gg, bb are two-digit hexadecimal numbers.
The specified value "" does not conform to the required format.  The format is "#rrggbb" where rr, gg, bb are two-digit hexadecimal numbers.
The specified value "" does not conform to the required format.  The format is "#rrggbb" where rr, gg, bb are two-digit hexadecimal numbers.
The specified value "" does not conform to the required format.  The format is "#rrggbb" where rr, gg, bb are two-digit hexadecimal numbers.
The specified value "" does not conform to the required format.  The format is "#rrggbb" where rr, gg, bb are two-digit hexadecimal numbers.
The specified value "" does not conform to the required format.  The format is "#rrggbb" where rr, gg, bb are two-digit hexadecimal numbers.
The specified value "" does not conform to the required format.  The format is "#rrggbb" where rr, gg, bb are two-digit hexadecimal numbers.
The specified value "" does not conform to the required format.  The format is "#rrggbb" where rr, gg, bb are two-digit hexadecimal numbers.
The specified value "" does not conform to the required format.  The format is "#rrggbb" where rr, gg, bb are two-digit hexadecimal numbers.
The specified value "" does not conform to the required format.  The format is "#rrggbb" where rr, gg, bb are two-digit hexadecimal numbers.
The specified value "" does not conform to the required format.  The format is "#rrggbb" where rr, gg, bb are two-digit hexadecimal numbers.
The specified value "" does not conform to the required format.  The format is "#rrggbb" where rr, gg, bb are two-digit hexadecimal numbers.
The specified value "" does not conform to the required format.  The format is "#rrggbb" where rr, gg, bb are two-digit hexadecimal numbers.
The specified value "" does not conform to the required format.  The format is "#rrggbb" where rr, gg, bb are two-digit hexadecimal numbers.
The specified value "" does not conform to the required format.  The format is "#rrggbb" where rr, gg, bb are two-digit hexadecimal numbers.
The specified value "" does not conform to the required format.  The format is "#rrggbb" where rr, gg, bb are two-digit hexadecimal numbers.
The specified value "" does not conform to the required format.  The format is "#rrggbb" where rr, gg, bb are two-digit hexadecimal numbers.
The specified value "" does not conform to the required format.  The format is "#rrggbb" where rr, gg, bb are two-digit hexadecimal numbers.
The specified value "" does not conform to the required format.  The format is "#rrggbb" where rr, gg, bb are two-digit hexadecimal numbers.
The specified value "" does not conform to the required format.  The format is "#rrggbb" where rr, gg, bb are two-digit hexadecimal numbers.
The specified value "" does not conform to the required format.  The format is "#rrggbb" where rr, gg, bb are two-digit hexadecimal numbers.
The specified value "" does not conform to the required format.  The format is "#rrggbb" where rr, gg, bb are two-digit hexadecimal numbers.
The specified value "" does not conform to the required format.  The format is "#rrggbb" where rr, gg, bb are two-digit hexadecimal numbers.
The specified value "" does not conform to the required format.  The format is "#rrggbb" where rr, gg, bb are two-digit hexadecimal numbers.
The specified value "" does not conform to the required format.  The format is "#rrggbb" where rr, gg, bb are two-digit hexadecimal numbers.
The specified value "" does not conform to the required format.  The format is "#rrggbb" where rr, gg, bb are two-digit hexadecimal numbers.
The specified value "" does not conform to the required format.  The format is "#rrggbb" where rr, gg, bb are two-digit hexadecimal numbers.
The specified value "" does not conform to the required format.  The format is "#rrggbb" where rr, gg, bb are two-digit hexadecimal numbers.
The specified value "" does not conform to the required format.  The format is "#rrggbb" where rr, gg, bb are two-digit hexadecimal numbers.
The specified value "" does not conform to the required format.  The format is "#rrggbb" where rr, gg, bb are two-digit hexadecimal numbers.
The specified value "" does not conform to the required format.  The format is "#rrggbb" where rr, gg, bb are two-digit hexadecimal numbers.
The specified value "" does not conform to the required format.  The format is "#rrggbb" where rr, gg, bb are two-digit hexadecimal numbers.
The specified value "" does not conform to the required format.  The format is "#rrggbb" where rr, gg, bb are two-digit hexadecimal numbers.
The specified value "" does not conform to the required format.  The format is "#rrggbb" where rr, gg, bb are two-digit hexadecimal numbers.
The specified value "" does not conform to the required format.  The format is "#rrggbb" where rr, gg, bb are two-digit hexadecimal numbers.
The specified value "" does not conform to the required format.  The format is "#rrggbb" where rr, gg, bb are two-digit hexadecimal numbers.
The specified value "" does not conform to the required format.  The format is "#rrggbb" where rr, gg, bb are two-digit hexadecimal numbers.
The specified value "" does not conform to the required format.  The format is "#rrggbb" where rr, gg, bb are two-digit hexadecimal numbers.
The specified value "" does not conform to the required format.  The format is "#rrggbb" where rr, gg, bb are two-digit hexadecimal numbers.
The specified value "" does not conform to the required format.  The format is "#rrggbb" where rr, gg, bb are two-digit hexadecimal numbers.
The specified value "" does not conform to the required format.  The format is "#rrggbb" where rr, gg, bb are two-digit hexadecimal numbers.
The specified value "" does not conform to the required format.  The format is "#rrggbb" where rr, gg, bb are two-digit hexadecimal numbers.
The specified value "" does not conform to the required format.  The format is "#rrggbb" where rr, gg, bb are two-digit hexadecimal numbers.
The specified value "" does not conform to the required format.  The format is "#rrggbb" where rr, gg, bb are two-digit hexadecimal numbers.
The specified value "" does not conform to the required format.  The format is "#rrggbb" where rr, gg, bb are two-digit hexadecimal numbers.
The specified value "" does not conform to the required format.  The format is "#rrggbb" where rr, gg, bb are two-digit hexadecimal numbers.
The specified value "" does not conform to the required format.  The format is "#rrggbb" where rr, gg, bb are two-digit hexadecimal numbers.
The specified value "" does not conform to the required format.  The format is "#rrggbb" where rr, gg, bb are two-digit hexadecimal numbers.
The specified value "" does not conform to the required format.  The format is "#rrggbb" where rr, gg, bb are two-digit hexadecimal numbers.
The specified value "" does not conform to the required format.  The format is "#rrggbb" where rr, gg, bb are two-digit hexadecimal numbers.
The specified value "" does not conform to the required format.  The format is "#rrggbb" where rr, gg, bb are two-digit hexadecimal numbers.
The specified value "" does not conform to the required format.  The format is "#rrggbb" where rr, gg, bb are two-digit hexadecimal numbers.
The specified value "" does not conform to the required format.  The format is "#rrggbb" where rr, gg, bb are two-digit hexadecimal numbers.
The specified value "" does not conform to the required format.  The format is "#rrggbb" where rr, gg, bb are two-digit hexadecimal numbers.
The specified value "" does not conform to the required format.  The format is "#rrggbb" where rr, gg, bb are two-digit hexadecimal numbers.
The specified value "" does not conform to the required format.  The format is "#rrggbb" where rr, gg, bb are two-digit hexadecimal numbers.
The specified value "" does not conform to the required format.  The format is "#rrggbb" where rr, gg, bb are two-digit hexadecimal numbers.
The specified value "" does not conform to the required format.  The format is "#rrggbb" where rr, gg, bb are two-digit hexadecimal numbers.
The specified value "" does not conform to the required format.  The format is "#rrggbb" where rr, gg, bb are two-digit hexadecimal numbers.
The specified value "" does not conform to the required format.  The format is "#rrggbb" where rr, gg, bb are two-digit hexadecimal numbers.
The specified value "" does not conform to the required format.  The format is "#rrggbb" where rr, gg, bb are two-digit hexadecimal numbers.
The specified value "" does not conform to the required format.  The format is "#rrggbb" where rr, gg, bb are two-digit hexadecimal numbers.
The specified value "" does not conform to the required format.  The format is "#rrggbb" where rr, gg, bb are two-digit hexadecimal numbers.
The specified value "" does not conform to the required format.  The format is "#rrggbb" where rr, gg, bb are two-digit hexadecimal numbers.
The specified value "" does not conform to the required format.  The format is "#rrggbb" where rr, gg, bb are two-digit hexadecimal numbers.
The specified value "" does not conform to the required format.  The format is "#rrggbb" where rr, gg, bb are two-digit hexadecimal numbers.
The specified value "" does not conform to the required format.  The format is "#rrggbb" where rr, gg, bb are two-digit hexadecimal numbers.
The specified value "" does not conform to the required format.  The format is "#rrggbb" where rr, gg, bb are two-digit hexadecimal numbers.
The specified value "" does not conform to the required format.  The format is "#rrggbb" where rr, gg, bb are two-digit hexadecimal numbers.
The specified value "" does not conform to the required format.  The format is "#rrggbb" where rr, gg, bb are two-digit hexadecimal numbers.
The specified value "" does not conform to the required format.  The format is "#rrggbb" where rr, gg, bb are two-digit hexadecimal numbers.
The specified value "" does not conform to the required format.  The format is "#rrggbb" where rr, gg, bb are two-digit hexadecimal numbers.
The specified value "" does not conform to the required format.  The format is "#rrggbb" where rr, gg, bb are two-digit hexadecimal numbers.
The specified value "" does not conform to the required format.  The format is "#rrggbb" where rr, gg, bb are two-digit hexadecimal numbers.
The specified value "" does not conform to the required format.  The format is "#rrggbb" where rr, gg, bb are two-digit hexadecimal numbers.
The specified value "" does not conform to the required format.  The format is "#rrggbb" where rr, gg, bb are two-digit hexadecimal numbers.
The specified value "" does not conform to the required format.  The format is "#rrggbb" where rr, gg, bb are two-digit hexadecimal numbers.
The specified value "" does not conform to the required format.  The format is "#rrggbb" where rr, gg, bb are two-digit hexadecimal numbers.
The specified value "" does not conform to the required format.  The format is "#rrggbb" where rr, gg, bb are two-digit hexadecimal numbers.
The specified value "" does not conform to the required format.  The format is "#rrggbb" where rr, gg, bb are two-digit hexadecimal numbers.
The specified value "" does not conform to the required format.  The format is "#rrggbb" where rr, gg, bb are two-digit hexadecimal numbers.
The specified value "" does not conform to the required format.  The format is "#rrggbb" where rr, gg, bb are two-digit hexadecimal numbers.
The specified value "" does not conform to the required format.  The format is "#rrggbb" where rr, gg, bb are two-digit hexadecimal numbers.
The specified value "" does not conform to the required format.  The format is "#rrggbb" where rr, gg, bb are two-digit hexadecimal numbers.
The specified value "" does not conform to the required format.  The format is "#rrggbb" where rr, gg, bb are two-digit hexadecimal numbers.
The specified value "" does not conform to the required format.  The format is "#rrggbb" where rr, gg, bb are two-digit hexadecimal numbers.
The specified value "" does not conform to the required format.  The format is "#rrggbb" where rr, gg, bb are two-digit hexadecimal numbers.
The specified value "" does not conform to the required format.  The format is "#rrggbb" where rr, gg, bb are two-digit hexadecimal numbers.
The specified value "" does not conform to the required format.  The format is "#rrggbb" where rr, gg, bb are two-digit hexadecimal numbers.
The specified value "" does not conform to the required format.  The format is "#rrggbb" where rr, gg, bb are two-digit hexadecimal numbers.
The specified value "" does not conform to the required format.  The format is "#rrggbb" where rr, gg, bb are two-digit hexadecimal numbers.
The specified value "" does not conform to the required format.  The format is "#rrggbb" where rr, gg, bb are two-digit hexadecimal numbers.
The specified value "" does not conform to the required format.  The format is "#rrggbb" where rr, gg, bb are two-digit hexadecimal numbers.
The specified value "" does not conform to the required format.  The format is "#rrggbb" where rr, gg, bb are two-digit hexadecimal numbers.
The specified value "" does not conform to the required format.  The format is "#rrggbb" where rr, gg, bb are two-digit hexadecimal numbers.
The specified value "" does not conform to the required format.  The format is "#rrggbb" where rr, gg, bb are two-digit hexadecimal numbers.
The specified value "" does not conform to the required format.  The format is "#rrggbb" where rr, gg, bb are two-digit hexadecimal numbers.
The specified value "" does not conform to the required format.  The format is "#rrggbb" where rr, gg, bb are two-digit hexadecimal numbers.
The specified value "" does not conform to the required format.  The format is "#rrggbb" where rr, gg, bb are two-digit hexadecimal numbers.
The specified value "" does not conform to the required format.  The format is "#rrggbb" where rr, gg, bb are two-digit hexadecimal numbers.
The specified value "" does not conform to the required format.  The format is "#rrggbb" where rr, gg, bb are two-digit hexadecimal numbers.
The specified value "" does not conform to the required format.  The format is "#rrggbb" where rr, gg, bb are two-digit hexadecimal numbers.
The specified value "" does not conform to the required format.  The format is "#rrggbb" where rr, gg, bb are two-digit hexadecimal numbers.
The specified value "" does not conform to the required format.  The format is "#rrggbb" where rr, gg, bb are two-digit hexadecimal numbers.
The specified value "" does not conform to the required format.  The format is "#rrggbb" where rr, gg, bb are two-digit hexadecimal numbers.
The specified value "" does not conform to the required format.  The format is "#rrggbb" where rr, gg, bb are two-digit hexadecimal numbers.
The specified value "" does not conform to the required format.  The format is "#rrggbb" where rr, gg, bb are two-digit hexadecimal numbers.
The specified value "" does not conform to the required format.  The format is "#rrggbb" where rr, gg, bb are two-digit hexadecimal numbers.
The specified value "" does not conform to the required format.  The format is "#rrggbb" where rr, gg, bb are two-digit hexadecimal numbers.
The specified value "" does not conform to the required format.  The format is "#rrggbb" where rr, gg, bb are two-digit hexadecimal numbers.
The specified value "" does not conform to the required format.  The format is "#rrggbb" where rr, gg, bb are two-digit hexadecimal numbers.
The specified value "" does not conform to the required format.  The format is "#rrggbb" where rr, gg, bb are two-digit hexadecimal numbers.
The specified value "" does not conform to the required format.  The format is "#rrggbb" where rr, gg, bb are two-digit hexadecimal numbers.
The specified value "" does not conform to the required format.  The format is "#rrggbb" where rr, gg, bb are two-digit hexadecimal numbers.
The specified value "" does not conform to the required format.  The format is "#rrggbb" where rr, gg, bb are two-digit hexadecimal numbers.
The specified value "" does not conform to the required format.  The format is "#rrggbb" where rr, gg, bb are two-digit hexadecimal numbers.
The specified value "" does not conform to the required format.  The format is "#rrggbb" where rr, gg, bb are two-digit hexadecimal numbers.
 Loading micropip
 Loaded micropip
 Loading biopython, fonttools, numpy, pandas, python-dateutil, pytz, six, svgwrite
 Loaded biopython, fonttools, numpy, pandas, python-dateutil, pytz, six, svgwrite
 CMD: --separate_strands -k CDS,rRNA,tRNA,tmRNA,ncRNA,repeat_region --definition_font_size 18 -d /combined_d.tsv --track_type tuckin -l right --gbk /input.gb
 INFO: Loading GenBank file(s)...
 INFO: Loading GenBank file /input.gb
 INFO: Importing all entries...
 WARNING: The annotation indicates that record MW460250.1 is linear. Are you sure you want to visualize it as circular?
 INFO:              ... finished loading GenBank file(s)
 INFO: Number of sequences loaded to gbdraw: 1
 INFO: Loading config file: /lib/python3.13/site-packages/gbdraw/data/config.toml
 User overrides applied: /combined_d.tsv
 Generated SVG: MW460250.1.svg
 Extracted 248 features from 1 record(s) for color editor.
 Attached handlers to 248 feature paths (248 unique features)
 [DEBUG] After DOM update - tick transform: translate(500.0,500.0)
 [DEBUG] ========== setupDiagramDrag CALL #1 ==========
 [DEBUG] setupDiagramDrag: preserveOffset=false, offset=(0, 0), generatedLegendPosition=right
 [DEBUG] setupDiagramDrag element 0 (tick): DOM transform=(500, 500)
 [DEBUG] setupDiagramDrag element 1 (Axis): DOM transform=(500, 500)
 [DEBUG] setupDiagramDrag element 2 (gc_content): DOM transform=(500, 500)
 [DEBUG] setupDiagramDrag element 3 (skew): DOM transform=(500, 500)
 [DEBUG] setupDiagramDrag element 4 (MW460250.1): DOM transform=(500, 500)
 [DEBUG] setupDiagramDrag element 5 (MW460250.1): DOM transform=(500, 500)
 [DEBUG] setupDiagramDrag FINISHED: Set 6 original transforms
 [DEBUG]   -> tick: (500, 500)
 [DEBUG]   -> Axis: (500, 500)
 [DEBUG]   -> gc_content: (500, 500)
 [DEBUG]   -> skew: (500, 500)
 [DEBUG]   -> MW460250.1: (500, 500)
 [DEBUG]   -> MW460250.1: (500, 500)
 Captured original stroke: color=gray, width=0
 Attached handlers to 248 feature paths (248 unique features)
 [DEBUG] After DOM update - tick transform: translate(500.0,500.0)
 [DEBUG] ========== setupDiagramDrag CALL #2 ==========
 [DEBUG] setupDiagramDrag: preserveOffset=true, offset=(0, 0), generatedLegendPosition=right
 [DEBUG] setupDiagramDrag element 0 (tick): DOM transform=(500, 500)
 [DEBUG] setupDiagramDrag element 1 (Axis): DOM transform=(500, 500)
 [DEBUG] setupDiagramDrag element 2 (gc_content): DOM transform=(500, 500)
 [DEBUG] setupDiagramDrag element 3 (skew): DOM transform=(500, 500)
 [DEBUG] setupDiagramDrag element 4 (MW460250.1): DOM transform=(500, 500)
 [DEBUG] setupDiagramDrag element 5 (MW460250.1): DOM transform=(500, 500)
 [DEBUG] setupDiagramDrag FINISHED: Set 6 original transforms
 [DEBUG]   -> tick: (500, 500)
 [DEBUG]   -> Axis: (500, 500)
 [DEBUG]   -> gc_content: (500, 500)
 [DEBUG]   -> skew: (500, 500)
 [DEBUG]   -> MW460250.1: (500, 500)
 [DEBUG]   -> MW460250.1: (500, 500)
 Loaded 16 rules from file.
 Applied specific rules: updated 245 elements
 addLegendEntry called with caption="Unknown function", color="#aaaaaa"
 Added legend entry: "Unknown function" to 1 legend group(s)
 Attached handlers to 248 feature paths (248 unique features)
 [DEBUG] After DOM update - tick transform: translate(500.0,500.0)
 [DEBUG] ========== setupDiagramDrag CALL #3 ==========
 [DEBUG] setupDiagramDrag: preserveOffset=true, offset=(0, 0), generatedLegendPosition=right
 [DEBUG] setupDiagramDrag element 0 (tick): DOM transform=(500, 500)
 [DEBUG] setupDiagramDrag element 1 (Axis): DOM transform=(500, 500)
 [DEBUG] setupDiagramDrag element 2 (gc_content): DOM transform=(500, 500)
 [DEBUG] setupDiagramDrag element 3 (skew): DOM transform=(500, 500)
 [DEBUG] setupDiagramDrag element 4 (MW460250.1): DOM transform=(500, 500)
 [DEBUG] setupDiagramDrag element 5 (MW460250.1): DOM transform=(500, 500)
 [DEBUG] setupDiagramDrag FINISHED: Set 6 original transforms
 [DEBUG]   -> tick: (500, 500)
 [DEBUG]   -> Axis: (500, 500)
 [DEBUG]   -> gc_content: (500, 500)
 [DEBUG]   -> skew: (500, 500)
 [DEBUG]   -> MW460250.1: (500, 500)
 [DEBUG]   -> MW460250.1: (500, 500)
 addLegendEntry called with caption="Other functions", color="#4deeea"
 Added legend entry: "Other functions" to 1 legend group(s)
 Attached handlers to 248 feature paths (248 unique features)
 [DEBUG] After DOM update - tick transform: translate(500.0,500.0)
 [DEBUG] ========== setupDiagramDrag CALL #4 ==========
 [DEBUG] setupDiagramDrag: preserveOffset=true, offset=(0, 0), generatedLegendPosition=right
 [DEBUG] setupDiagramDrag element 0 (tick): DOM transform=(500, 500)
 [DEBUG] setupDiagramDrag element 1 (Axis): DOM transform=(500, 500)
 [DEBUG] setupDiagramDrag element 2 (gc_content): DOM transform=(500, 500)
 [DEBUG] setupDiagramDrag element 3 (skew): DOM transform=(500, 500)
 [DEBUG] setupDiagramDrag element 4 (MW460250.1): DOM transform=(500, 500)
 [DEBUG] setupDiagramDrag element 5 (MW460250.1): DOM transform=(500, 500)
 [DEBUG] setupDiagramDrag FINISHED: Set 6 original transforms
 [DEBUG]   -> tick: (500, 500)
 [DEBUG]   -> Axis: (500, 500)
 [DEBUG]   -> gc_content: (500, 500)
 [DEBUG]   -> skew: (500, 500)
 [DEBUG]   -> MW460250.1: (500, 500)
 [DEBUG]   -> MW460250.1: (500, 500)
 addLegendEntry called with caption="Tail", color="#74ee15"
 Added legend entry: "Tail" to 1 legend group(s)
 Attached handlers to 248 feature paths (248 unique features)
 [DEBUG] After DOM update - tick transform: translate(500.0,500.0)
 [DEBUG] ========== setupDiagramDrag CALL #5 ==========
 [DEBUG] setupDiagramDrag: preserveOffset=true, offset=(0, 0), generatedLegendPosition=right
 [DEBUG] setupDiagramDrag element 0 (tick): DOM transform=(500, 500)
 [DEBUG] setupDiagramDrag element 1 (Axis): DOM transform=(500, 500)
 [DEBUG] setupDiagramDrag element 2 (gc_content): DOM transform=(500, 500)
 [DEBUG] setupDiagramDrag element 3 (skew): DOM transform=(500, 500)
 [DEBUG] setupDiagramDrag element 4 (MW460250.1): DOM transform=(500, 500)
 [DEBUG] setupDiagramDrag element 5 (MW460250.1): DOM transform=(500, 500)
 [DEBUG] setupDiagramDrag FINISHED: Set 6 original transforms
 [DEBUG]   -> tick: (500, 500)
 [DEBUG]   -> Axis: (500, 500)
 [DEBUG]   -> gc_content: (500, 500)
 [DEBUG]   -> skew: (500, 500)
 [DEBUG]   -> MW460250.1: (500, 500)
 [DEBUG]   -> MW460250.1: (500, 500)
 addLegendEntry called with caption="Transcription regulation", color="#ffe700"
 Added legend entry: "Transcription regulation" to 1 legend group(s)
 Attached handlers to 248 feature paths (248 unique features)
 [DEBUG] After DOM update - tick transform: translate(500.0,500.0)
 [DEBUG] ========== setupDiagramDrag CALL #6 ==========
 [DEBUG] setupDiagramDrag: preserveOffset=true, offset=(0, 0), generatedLegendPosition=right
 [DEBUG] setupDiagramDrag element 0 (tick): DOM transform=(500, 500)
 [DEBUG] setupDiagramDrag element 1 (Axis): DOM transform=(500, 500)
 [DEBUG] setupDiagramDrag element 2 (gc_content): DOM transform=(500, 500)
 [DEBUG] setupDiagramDrag element 3 (skew): DOM transform=(500, 500)
 [DEBUG] setupDiagramDrag element 4 (MW460250.1): DOM transform=(500, 500)
 [DEBUG] setupDiagramDrag element 5 (MW460250.1): DOM transform=(500, 500)
 [DEBUG] setupDiagramDrag FINISHED: Set 6 original transforms
 [DEBUG]   -> tick: (500, 500)
 [DEBUG]   -> Axis: (500, 500)
 [DEBUG]   -> gc_content: (500, 500)
 [DEBUG]   -> skew: (500, 500)
 [DEBUG]   -> MW460250.1: (500, 500)
 [DEBUG]   -> MW460250.1: (500, 500)
 addLegendEntry called with caption="DNA/RNA & nucleotide metabolism", color="#f000ff"
 Added legend entry: "DNA/RNA & nucleotide metabolism" to 1 legend group(s)
 Attached handlers to 248 feature paths (248 unique features)
 [DEBUG] After DOM update - tick transform: translate(500.0,500.0)
 [DEBUG] ========== setupDiagramDrag CALL #7 ==========
 [DEBUG] setupDiagramDrag: preserveOffset=true, offset=(0, 0), generatedLegendPosition=right
 [DEBUG] setupDiagramDrag element 0 (tick): DOM transform=(500, 500)
 [DEBUG] setupDiagramDrag element 1 (Axis): DOM transform=(500, 500)
 [DEBUG] setupDiagramDrag element 2 (gc_content): DOM transform=(500, 500)
 [DEBUG] setupDiagramDrag element 3 (skew): DOM transform=(500, 500)
 [DEBUG] setupDiagramDrag element 4 (MW460250.1): DOM transform=(500, 500)
 [DEBUG] setupDiagramDrag element 5 (MW460250.1): DOM transform=(500, 500)
 [DEBUG] setupDiagramDrag FINISHED: Set 6 original transforms
 [DEBUG]   -> tick: (500, 500)
 [DEBUG]   -> Axis: (500, 500)
 [DEBUG]   -> gc_content: (500, 500)
 [DEBUG]   -> skew: (500, 500)
 [DEBUG]   -> MW460250.1: (500, 500)
 [DEBUG]   -> MW460250.1: (500, 500)
 addLegendEntry called with caption="Lysis", color="#001eff"
 Added legend entry: "Lysis" to 1 legend group(s)
 Attached handlers to 248 feature paths (248 unique features)
 [DEBUG] After DOM update - tick transform: translate(500.0,500.0)
 [DEBUG] ========== setupDiagramDrag CALL #8 ==========
 [DEBUG] setupDiagramDrag: preserveOffset=true, offset=(0, 0), generatedLegendPosition=right
 [DEBUG] setupDiagramDrag element 0 (tick): DOM transform=(500, 500)
 [DEBUG] setupDiagramDrag element 1 (Axis): DOM transform=(500, 500)
 [DEBUG] setupDiagramDrag element 2 (gc_content): DOM transform=(500, 500)
 [DEBUG] setupDiagramDrag element 3 (skew): DOM transform=(500, 500)
 [DEBUG] setupDiagramDrag element 4 (MW460250.1): DOM transform=(500, 500)
 [DEBUG] setupDiagramDrag element 5 (MW460250.1): DOM transform=(500, 500)
 [DEBUG] setupDiagramDrag FINISHED: Set 6 original transforms
 [DEBUG]   -> tick: (500, 500)
 [DEBUG]   -> Axis: (500, 500)
 [DEBUG]   -> gc_content: (500, 500)
 [DEBUG]   -> skew: (500, 500)
 [DEBUG]   -> MW460250.1: (500, 500)
 [DEBUG]   -> MW460250.1: (500, 500)
 addLegendEntry called with caption="Moron, auxiliary metabolic gene & host takeover", color="#8900ff"
 Added legend entry: "Moron, auxiliary metabolic gene & host takeover" to 1 legend group(s)
 Attached handlers to 248 feature paths (248 unique features)
 [DEBUG] After DOM update - tick transform: translate(500.0,500.0)
 [DEBUG] ========== setupDiagramDrag CALL #9 ==========
 [DEBUG] setupDiagramDrag: preserveOffset=true, offset=(0, 0), generatedLegendPosition=right
 [DEBUG] setupDiagramDrag element 0 (tick): DOM transform=(500, 500)
 [DEBUG] setupDiagramDrag element 1 (Axis): DOM transform=(500, 500)
 [DEBUG] setupDiagramDrag element 2 (gc_content): DOM transform=(500, 500)
 [DEBUG] setupDiagramDrag element 3 (skew): DOM transform=(500, 500)
 [DEBUG] setupDiagramDrag element 4 (MW460250.1): DOM transform=(500, 500)
 [DEBUG] setupDiagramDrag element 5 (MW460250.1): DOM transform=(500, 500)
 [DEBUG] setupDiagramDrag FINISHED: Set 6 original transforms
 [DEBUG]   -> tick: (500, 500)
 [DEBUG]   -> Axis: (500, 500)
 [DEBUG]   -> gc_content: (500, 500)
 [DEBUG]   -> skew: (500, 500)
 [DEBUG]   -> MW460250.1: (500, 500)
 [DEBUG]   -> MW460250.1: (500, 500)
 addLegendEntry called with caption="Head & packaging", color="#ff008d"
 Added legend entry: "Head & packaging" to 1 legend group(s)
 Attached handlers to 248 feature paths (248 unique features)
 [DEBUG] After DOM update - tick transform: translate(500.0,500.0)
 [DEBUG] ========== setupDiagramDrag CALL #10 ==========
 [DEBUG] setupDiagramDrag: preserveOffset=true, offset=(0, 0), generatedLegendPosition=right
 [DEBUG] setupDiagramDrag element 0 (tick): DOM transform=(500, 500)
 [DEBUG] setupDiagramDrag element 1 (Axis): DOM transform=(500, 500)
 [DEBUG] setupDiagramDrag element 2 (gc_content): DOM transform=(500, 500)
 [DEBUG] setupDiagramDrag element 3 (skew): DOM transform=(500, 500)
 [DEBUG] setupDiagramDrag element 4 (MW460250.1): DOM transform=(500, 500)
 [DEBUG] setupDiagramDrag element 5 (MW460250.1): DOM transform=(500, 500)
 [DEBUG] setupDiagramDrag FINISHED: Set 6 original transforms
 [DEBUG]   -> tick: (500, 500)
 [DEBUG]   -> Axis: (500, 500)
 [DEBUG]   -> gc_content: (500, 500)
 [DEBUG]   -> skew: (500, 500)
 [DEBUG]   -> MW460250.1: (500, 500)
 [DEBUG]   -> MW460250.1: (500, 500)
 Added 8 legend entries from specific table.
 Attached handlers to 248 feature paths (248 unique features)
 [DEBUG] After DOM update - tick transform: translate(500.0,500.0)
 [DEBUG] ========== setupDiagramDrag CALL #11 ==========
 [DEBUG] setupDiagramDrag: preserveOffset=true, offset=(0, 0), generatedLegendPosition=right
 [DEBUG] setupDiagramDrag element 0 (tick): DOM transform=(500, 500)
 [DEBUG] setupDiagramDrag element 1 (Axis): DOM transform=(500, 500)
 [DEBUG] setupDiagramDrag element 2 (gc_content): DOM transform=(500, 500)
 [DEBUG] setupDiagramDrag element 3 (skew): DOM transform=(500, 500)
 [DEBUG] setupDiagramDrag element 4 (MW460250.1): DOM transform=(500, 500)
 [DEBUG] setupDiagramDrag element 5 (MW460250.1): DOM transform=(500, 500)
 [DEBUG] setupDiagramDrag FINISHED: Set 6 original transforms
 [DEBUG]   -> tick: (500, 500)
 [DEBUG]   -> Axis: (500, 500)
 [DEBUG]   -> gc_content: (500, 500)
 [DEBUG]   -> skew: (500, 500)
 [DEBUG]   -> MW460250.1: (500, 500)
 [DEBUG]   -> MW460250.1: (500, 500)
 addLegendEntry called with caption="tail protein with lysin activity", color="#8ac65d"
 Added legend entry: "tail protein with lysin activity" to 1 legend group(s)
 Applied specific rules: updated 2 elements
 Attached handlers to 248 feature paths (248 unique features)
 [DEBUG] After DOM update - tick transform: translate(500.0,500.0)
 [DEBUG] ========== setupDiagramDrag CALL #12 ==========
 [DEBUG] setupDiagramDrag: preserveOffset=true, offset=(0, 0), generatedLegendPosition=right
 [DEBUG] setupDiagramDrag element 0 (tick): DOM transform=(500, 500)
 [DEBUG] setupDiagramDrag element 1 (Axis): DOM transform=(500, 500)
 [DEBUG] setupDiagramDrag element 2 (gc_content): DOM transform=(500, 500)
 [DEBUG] setupDiagramDrag element 3 (skew): DOM transform=(500, 500)
 [DEBUG] setupDiagramDrag element 4 (MW460250.1): DOM transform=(500, 500)
 [DEBUG] setupDiagramDrag element 5 (MW460250.1): DOM transform=(500, 500)
 [DEBUG] setupDiagramDrag FINISHED: Set 6 original transforms
 [DEBUG]   -> tick: (500, 500)
 [DEBUG]   -> Axis: (500, 500)
 [DEBUG]   -> gc_content: (500, 500)
 [DEBUG]   -> skew: (500, 500)
 [DEBUG]   -> MW460250.1: (500, 500)
 [DEBUG]   -> MW460250.1: (500, 500)
 Instant preview: updated 1 element(s) for fc2d6b96f to #535a4e
 addLegendEntry called with caption="tail protein with lysin activity", color="#535a4e"
 Added legend entry: "tail protein with lysin activity (1)" to 1 legend group(s)
 Attached handlers to 248 feature paths (248 unique features)
 [DEBUG] After DOM update - tick transform: translate(500.0,500.0)
 [DEBUG] ========== setupDiagramDrag CALL #13 ==========
 [DEBUG] setupDiagramDrag: preserveOffset=true, offset=(0, 0), generatedLegendPosition=right
 [DEBUG] setupDiagramDrag element 0 (tick): DOM transform=(500, 500)
 [DEBUG] setupDiagramDrag element 1 (Axis): DOM transform=(500, 500)
 [DEBUG] setupDiagramDrag element 2 (gc_content): DOM transform=(500, 500)
 [DEBUG] setupDiagramDrag element 3 (skew): DOM transform=(500, 500)
 [DEBUG] setupDiagramDrag element 4 (MW460250.1): DOM transform=(500, 500)
 [DEBUG] setupDiagramDrag element 5 (MW460250.1): DOM transform=(500, 500)
 [DEBUG] setupDiagramDrag FINISHED: Set 6 original transforms
 [DEBUG]   -> tick: (500, 500)
 [DEBUG]   -> Axis: (500, 500)
 [DEBUG]   -> gc_content: (500, 500)
 [DEBUG]   -> skew: (500, 500)
 [DEBUG]   -> MW460250.1: (500, 500)
 [DEBUG]   -> MW460250.1: (500, 500)
 Attached handlers to 248 feature paths (248 unique features)
 [DEBUG] After DOM update - tick transform: translate(500.0,500.0)
 [DEBUG] ========== setupDiagramDrag CALL #14 ==========
 [DEBUG] setupDiagramDrag: preserveOffset=true, offset=(0, 0), generatedLegendPosition=right
 [DEBUG] setupDiagramDrag element 0 (tick): DOM transform=(500, 500)
 [DEBUG] setupDiagramDrag element 1 (Axis): DOM transform=(500, 500)
 [DEBUG] setupDiagramDrag element 2 (gc_content): DOM transform=(500, 500)
 [DEBUG] setupDiagramDrag element 3 (skew): DOM transform=(500, 500)
 [DEBUG] setupDiagramDrag element 4 (MW460250.1): DOM transform=(500, 500)
 [DEBUG] setupDiagramDrag element 5 (MW460250.1): DOM transform=(500, 500)
 [DEBUG] setupDiagramDrag FINISHED: Set 6 original transforms
 [DEBUG]   -> tick: (500, 500)
 [DEBUG]   -> Axis: (500, 500)
 [DEBUG]   -> gc_content: (500, 500)
 [DEBUG]   -> skew: (500, 500)
 [DEBUG]   -> MW460250.1: (500, 500)
 [DEBUG]   -> MW460250.1: (500, 500)
 Attached handlers to 248 feature paths (248 unique features)
 [DEBUG] After DOM update - tick transform: translate(500.0,500.0)
 [DEBUG] ========== setupDiagramDrag CALL #15 ==========
 [DEBUG] setupDiagramDrag: preserveOffset=true, offset=(0, 0), generatedLegendPosition=right
 [DEBUG] setupDiagramDrag element 0 (tick): DOM transform=(500, 500)
 [DEBUG] setupDiagramDrag element 1 (Axis): DOM transform=(500, 500)
 [DEBUG] setupDiagramDrag element 2 (gc_content): DOM transform=(500, 500)
 [DEBUG] setupDiagramDrag element 3 (skew): DOM transform=(500, 500)
 [DEBUG] setupDiagramDrag element 4 (MW460250.1): DOM transform=(500, 500)
 [DEBUG] setupDiagramDrag element 5 (MW460250.1): DOM transform=(500, 500)
 [DEBUG] setupDiagramDrag FINISHED: Set 6 original transforms
 [DEBUG]   -> tick: (500, 500)
 [DEBUG]   -> Axis: (500, 500)
 [DEBUG]   -> gc_content: (500, 500)
 [DEBUG]   -> skew: (500, 500)
 [DEBUG]   -> MW460250.1: (500, 500)
 [DEBUG]   -> MW460250.1: (500, 500)
 Updated legend entry color: "Tail" to #606a58
 Applied specific rules: updated 11 elements
 Attached handlers to 248 feature paths (248 unique features)
 [DEBUG] After DOM update - tick transform: translate(500.0,500.0)
 [DEBUG] ========== setupDiagramDrag CALL #16 ==========
 [DEBUG] setupDiagramDrag: preserveOffset=true, offset=(0, 0), generatedLegendPosition=right
 [DEBUG] setupDiagramDrag element 0 (tick): DOM transform=(500, 500)
 [DEBUG] setupDiagramDrag element 1 (Axis): DOM transform=(500, 500)
 [DEBUG] setupDiagramDrag element 2 (gc_content): DOM transform=(500, 500)
 [DEBUG] setupDiagramDrag element 3 (skew): DOM transform=(500, 500)
 [DEBUG] setupDiagramDrag element 4 (MW460250.1): DOM transform=(500, 500)
 [DEBUG] setupDiagramDrag element 5 (MW460250.1): DOM transform=(500, 500)
 [DEBUG] setupDiagramDrag FINISHED: Set 6 original transforms
 [DEBUG]   -> tick: (500, 500)
 [DEBUG]   -> Axis: (500, 500)
 [DEBUG]   -> gc_content: (500, 500)
 [DEBUG]   -> skew: (500, 500)
 [DEBUG]   -> MW460250.1: (500, 500)
 [DEBUG]   -> MW460250.1: (500, 500)
 Attached handlers to 248 feature paths (248 unique features)
 [DEBUG] After DOM update - tick transform: translate(500.0,500.0)
 [DEBUG] ========== setupDiagramDrag CALL #17 ==========
 [DEBUG] setupDiagramDrag: preserveOffset=true, offset=(0, 0), generatedLegendPosition=right
 [DEBUG] setupDiagramDrag element 0 (tick): DOM transform=(500, 500)
 [DEBUG] setupDiagramDrag element 1 (Axis): DOM transform=(500, 500)
 [DEBUG] setupDiagramDrag element 2 (gc_content): DOM transform=(500, 500)
 [DEBUG] setupDiagramDrag element 3 (skew): DOM transform=(500, 500)
 [DEBUG] setupDiagramDrag element 4 (MW460250.1): DOM transform=(500, 500)
 [DEBUG] setupDiagramDrag element 5 (MW460250.1): DOM transform=(500, 500)
 [DEBUG] setupDiagramDrag FINISHED: Set 6 original transforms
 [DEBUG]   -> tick: (500, 500)
 [DEBUG]   -> Axis: (500, 500)
 [DEBUG]   -> gc_content: (500, 500)
 [DEBUG]   -> skew: (500, 500)
 [DEBUG]   -> MW460250.1: (500, 500)
 [DEBUG]   -> MW460250.1: (500, 500)
 Track visibility updated
 Attached handlers to 248 feature paths (248 unique features)
 [DEBUG] After DOM update - tick transform: translate(500.0,500.0)
 [DEBUG] ========== setupDiagramDrag CALL #18 ==========
 [DEBUG] setupDiagramDrag: preserveOffset=true, offset=(0, 0), generatedLegendPosition=right
 [DEBUG] setupDiagramDrag element 0 (tick): DOM transform=(500, 500)
 [DEBUG] setupDiagramDrag element 1 (Axis): DOM transform=(500, 500)
 [DEBUG] setupDiagramDrag element 2 (gc_content): DOM transform=(500, 500)
 [DEBUG] setupDiagramDrag element 3 (skew): DOM transform=(500, 500)
 [DEBUG] setupDiagramDrag element 4 (MW460250.1): DOM transform=(500, 500)
 [DEBUG] setupDiagramDrag element 5 (MW460250.1): DOM transform=(500, 500)
 [DEBUG] setupDiagramDrag FINISHED: Set 6 original transforms
 [DEBUG]   -> tick: (500, 500)
 [DEBUG]   -> Axis: (500, 500)
 [DEBUG]   -> gc_content: (500, 500)
 [DEBUG]   -> skew: (500, 500)
 [DEBUG]   -> MW460250.1: (500, 500)
 [DEBUG]   -> MW460250.1: (500, 500)
 Track visibility updated
 Attached handlers to 248 feature paths (248 unique features)
 [DEBUG] After DOM update - tick transform: translate(500.0,500.0)
 [DEBUG] ========== setupDiagramDrag CALL #19 ==========
 [DEBUG] setupDiagramDrag: preserveOffset=true, offset=(0, 0), generatedLegendPosition=right
 [DEBUG] setupDiagramDrag element 0 (tick): DOM transform=(500, 500)
 [DEBUG] setupDiagramDrag element 1 (Axis): DOM transform=(500, 500)
 [DEBUG] setupDiagramDrag element 2 (gc_content): DOM transform=(500, 500)
 [DEBUG] setupDiagramDrag element 3 (skew): DOM transform=(500, 500)
 [DEBUG] setupDiagramDrag element 4 (MW460250.1): DOM transform=(500, 500)
 [DEBUG] setupDiagramDrag element 5 (MW460250.1): DOM transform=(500, 500)
 [DEBUG] setupDiagramDrag FINISHED: Set 6 original transforms
 [DEBUG]   -> tick: (500, 500)
 [DEBUG]   -> Axis: (500, 500)
 [DEBUG]   -> gc_content: (500, 500)
 [DEBUG]   -> skew: (500, 500)
 [DEBUG]   -> MW460250.1: (500, 500)
 [DEBUG]   -> MW460250.1: (500, 500)
 Loaded 1 colors from file.
 Removed legend entry: "Unknown function"
 Removed legend entry: "Other functions"
 Attached handlers to 248 feature paths (248 unique features)
 [DEBUG] After DOM update - tick transform: translate(500.0,500.0)
 [DEBUG] ========== setupDiagramDrag CALL #20 ==========
 [DEBUG] setupDiagramDrag: preserveOffset=true, offset=(0, 0), generatedLegendPosition=right
 [DEBUG] setupDiagramDrag element 0 (tick): DOM transform=(500, 500)
 [DEBUG] setupDiagramDrag element 1 (Axis): DOM transform=(500, 500)
 [DEBUG] setupDiagramDrag element 2 (gc_content): DOM transform=(500, 500)
 [DEBUG] setupDiagramDrag element 3 (skew): DOM transform=(500, 500)
 [DEBUG] setupDiagramDrag element 4 (MW460250.1): DOM transform=(500, 500)
 [DEBUG] setupDiagramDrag element 5 (MW460250.1): DOM transform=(500, 500)
 [DEBUG] setupDiagramDrag FINISHED: Set 6 original transforms
 [DEBUG]   -> tick: (500, 500)
 [DEBUG]   -> Axis: (500, 500)
 [DEBUG]   -> gc_content: (500, 500)
 [DEBUG]   -> skew: (500, 500)
 [DEBUG]   -> MW460250.1: (500, 500)
 [DEBUG]   -> MW460250.1: (500, 500)
 Removed legend entry: "Tail"
 Attached handlers to 248 feature paths (248 unique features)
 [DEBUG] After DOM update - tick transform: translate(500.0,500.0)
 [DEBUG] ========== setupDiagramDrag CALL #21 ==========
 [DEBUG] setupDiagramDrag: preserveOffset=true, offset=(0, 0), generatedLegendPosition=right
 [DEBUG] setupDiagramDrag element 0 (tick): DOM transform=(500, 500)
 [DEBUG] setupDiagramDrag element 1 (Axis): DOM transform=(500, 500)
 [DEBUG] setupDiagramDrag element 2 (gc_content): DOM transform=(500, 500)
 [DEBUG] setupDiagramDrag element 3 (skew): DOM transform=(500, 500)
 [DEBUG] setupDiagramDrag element 4 (MW460250.1): DOM transform=(500, 500)
 [DEBUG] setupDiagramDrag element 5 (MW460250.1): DOM transform=(500, 500)
 [DEBUG] setupDiagramDrag FINISHED: Set 6 original transforms
 [DEBUG]   -> tick: (500, 500)
 [DEBUG]   -> Axis: (500, 500)
 [DEBUG]   -> gc_content: (500, 500)
 [DEBUG]   -> skew: (500, 500)
 [DEBUG]   -> MW460250.1: (500, 500)
 [DEBUG]   -> MW460250.1: (500, 500)
 Removed legend entry: "Transcription regulation"
 Attached handlers to 248 feature paths (248 unique features)
 [DEBUG] After DOM update - tick transform: translate(500.0,500.0)
 [DEBUG] ========== setupDiagramDrag CALL #22 ==========
 [DEBUG] setupDiagramDrag: preserveOffset=true, offset=(0, 0), generatedLegendPosition=right
 [DEBUG] setupDiagramDrag element 0 (tick): DOM transform=(500, 500)
 [DEBUG] setupDiagramDrag element 1 (Axis): DOM transform=(500, 500)
 [DEBUG] setupDiagramDrag element 2 (gc_content): DOM transform=(500, 500)
 [DEBUG] setupDiagramDrag element 3 (skew): DOM transform=(500, 500)
 [DEBUG] setupDiagramDrag element 4 (MW460250.1): DOM transform=(500, 500)
 [DEBUG] setupDiagramDrag element 5 (MW460250.1): DOM transform=(500, 500)
 [DEBUG] setupDiagramDrag FINISHED: Set 6 original transforms
 [DEBUG]   -> tick: (500, 500)
 [DEBUG]   -> Axis: (500, 500)
 [DEBUG]   -> gc_content: (500, 500)
 [DEBUG]   -> skew: (500, 500)
 [DEBUG]   -> MW460250.1: (500, 500)
 [DEBUG]   -> MW460250.1: (500, 500)
 Removed legend entry: "DNA/RNA & nucleotide metabolism"
 Attached handlers to 248 feature paths (248 unique features)
 [DEBUG] After DOM update - tick transform: translate(500.0,500.0)
 [DEBUG] ========== setupDiagramDrag CALL #23 ==========
 [DEBUG] setupDiagramDrag: preserveOffset=true, offset=(0, 0), generatedLegendPosition=right
 [DEBUG] setupDiagramDrag element 0 (tick): DOM transform=(500, 500)
 [DEBUG] setupDiagramDrag element 1 (Axis): DOM transform=(500, 500)
 [DEBUG] setupDiagramDrag element 2 (gc_content): DOM transform=(500, 500)
 [DEBUG] setupDiagramDrag element 3 (skew): DOM transform=(500, 500)
 [DEBUG] setupDiagramDrag element 4 (MW460250.1): DOM transform=(500, 500)
 [DEBUG] setupDiagramDrag element 5 (MW460250.1): DOM transform=(500, 500)
 [DEBUG] setupDiagramDrag FINISHED: Set 6 original transforms
 [DEBUG]   -> tick: (500, 500)
 [DEBUG]   -> Axis: (500, 500)
 [DEBUG]   -> gc_content: (500, 500)
 [DEBUG]   -> skew: (500, 500)
 [DEBUG]   -> MW460250.1: (500, 500)
 [DEBUG]   -> MW460250.1: (500, 500)
 Removed legend entry: "Lysis"
 Attached handlers to 248 feature paths (248 unique features)
 [DEBUG] After DOM update - tick transform: translate(500.0,500.0)
 [DEBUG] ========== setupDiagramDrag CALL #24 ==========
 [DEBUG] setupDiagramDrag: preserveOffset=true, offset=(0, 0), generatedLegendPosition=right
 [DEBUG] setupDiagramDrag element 0 (tick): DOM transform=(500, 500)
 [DEBUG] setupDiagramDrag element 1 (Axis): DOM transform=(500, 500)
 [DEBUG] setupDiagramDrag element 2 (gc_content): DOM transform=(500, 500)
 [DEBUG] setupDiagramDrag element 3 (skew): DOM transform=(500, 500)
 [DEBUG] setupDiagramDrag element 4 (MW460250.1): DOM transform=(500, 500)
 [DEBUG] setupDiagramDrag element 5 (MW460250.1): DOM transform=(500, 500)
 [DEBUG] setupDiagramDrag FINISHED: Set 6 original transforms
 [DEBUG]   -> tick: (500, 500)
 [DEBUG]   -> Axis: (500, 500)
 [DEBUG]   -> gc_content: (500, 500)
 [DEBUG]   -> skew: (500, 500)
 [DEBUG]   -> MW460250.1: (500, 500)
 [DEBUG]   -> MW460250.1: (500, 500)
 Removed legend entry: "Moron, auxiliary metabolic gene & host takeover"
 Attached handlers to 248 feature paths (248 unique features)
 [DEBUG] After DOM update - tick transform: translate(500.0,500.0)
 [DEBUG] ========== setupDiagramDrag CALL #25 ==========
 [DEBUG] setupDiagramDrag: preserveOffset=true, offset=(0, 0), generatedLegendPosition=right
 [DEBUG] setupDiagramDrag element 0 (tick): DOM transform=(500, 500)
 [DEBUG] setupDiagramDrag element 1 (Axis): DOM transform=(500, 500)
 [DEBUG] setupDiagramDrag element 2 (gc_content): DOM transform=(500, 500)
 [DEBUG] setupDiagramDrag element 3 (skew): DOM transform=(500, 500)
 [DEBUG] setupDiagramDrag element 4 (MW460250.1): DOM transform=(500, 500)
 [DEBUG] setupDiagramDrag element 5 (MW460250.1): DOM transform=(500, 500)
 [DEBUG] setupDiagramDrag FINISHED: Set 6 original transforms
 [DEBUG]   -> tick: (500, 500)
 [DEBUG]   -> Axis: (500, 500)
 [DEBUG]   -> gc_content: (500, 500)
 [DEBUG]   -> skew: (500, 500)
 [DEBUG]   -> MW460250.1: (500, 500)
 [DEBUG]   -> MW460250.1: (500, 500)
 Attached handlers to 248 feature paths (248 unique features)
 [DEBUG] After DOM update - tick transform: translate(500.0,500.0)
 [DEBUG] ========== setupDiagramDrag CALL #26 ==========
 [DEBUG] setupDiagramDrag: preserveOffset=true, offset=(0, 0), generatedLegendPosition=right
 [DEBUG] setupDiagramDrag element 0 (tick): DOM transform=(500, 500)
 [DEBUG] setupDiagramDrag element 1 (Axis): DOM transform=(500, 500)
 [DEBUG] setupDiagramDrag element 2 (gc_content): DOM transform=(500, 500)
 [DEBUG] setupDiagramDrag element 3 (skew): DOM transform=(500, 500)
 [DEBUG] setupDiagramDrag element 4 (MW460250.1): DOM transform=(500, 500)
 [DEBUG] setupDiagramDrag element 5 (MW460250.1): DOM transform=(500, 500)
 [DEBUG] setupDiagramDrag FINISHED: Set 6 original transforms
 [DEBUG]   -> tick: (500, 500)
 [DEBUG]   -> Axis: (500, 500)
 [DEBUG]   -> gc_content: (500, 500)
 [DEBUG]   -> skew: (500, 500)
 [DEBUG]   -> MW460250.1: (500, 500)
 [DEBUG]   -> MW460250.1: (500, 500)
 Removed legend entry: "Head & packaging"
 Attached handlers to 248 feature paths (248 unique features)
 [DEBUG] After DOM update - tick transform: translate(500.0,500.0)
 [DEBUG] ========== setupDiagramDrag CALL #27 ==========
 [DEBUG] setupDiagramDrag: preserveOffset=true, offset=(0, 0), generatedLegendPosition=right
 [DEBUG] setupDiagramDrag element 0 (tick): DOM transform=(500, 500)
 [DEBUG] setupDiagramDrag element 1 (Axis): DOM transform=(500, 500)
 [DEBUG] setupDiagramDrag element 2 (gc_content): DOM transform=(500, 500)
 [DEBUG] setupDiagramDrag element 3 (skew): DOM transform=(500, 500)
 [DEBUG] setupDiagramDrag element 4 (MW460250.1): DOM transform=(500, 500)
 [DEBUG] setupDiagramDrag element 5 (MW460250.1): DOM transform=(500, 500)
 [DEBUG] setupDiagramDrag FINISHED: Set 6 original transforms
 [DEBUG]   -> tick: (500, 500)
 [DEBUG]   -> Axis: (500, 500)
 [DEBUG]   -> gc_content: (500, 500)
 [DEBUG]   -> skew: (500, 500)
 [DEBUG]   -> MW460250.1: (500, 500)
 [DEBUG]   -> MW460250.1: (500, 500)
 Removed legend entry: "tail protein with lysin activity"
 Removed legend entry: "tail protein with lysin activity (1)"
 Attached handlers to 248 feature paths (248 unique features)
 [DEBUG] After DOM update - tick transform: translate(500.0,500.0)
 [DEBUG] ========== setupDiagramDrag CALL #28 ==========
 [DEBUG] setupDiagramDrag: preserveOffset=true, offset=(0, 0), generatedLegendPosition=right
 [DEBUG] setupDiagramDrag element 0 (tick): DOM transform=(500, 500)
 [DEBUG] setupDiagramDrag element 1 (Axis): DOM transform=(500, 500)
 [DEBUG] setupDiagramDrag element 2 (gc_content): DOM transform=(500, 500)
 [DEBUG] setupDiagramDrag element 3 (skew): DOM transform=(500, 500)
 [DEBUG] setupDiagramDrag element 4 (MW460250.1): DOM transform=(500, 500)
 [DEBUG] setupDiagramDrag element 5 (MW460250.1): DOM transform=(500, 500)
 [DEBUG] setupDiagramDrag FINISHED: Set 6 original transforms
 [DEBUG]   -> tick: (500, 500)
 [DEBUG]   -> Axis: (500, 500)
 [DEBUG]   -> gc_content: (500, 500)
 [DEBUG]   -> skew: (500, 500)
 [DEBUG]   -> MW460250.1: (500, 500)
 [DEBUG]   -> MW460250.1: (500, 500)
 Attached handlers to 248 feature paths (248 unique features)
 [DEBUG] After DOM update - tick transform: translate(500.0,500.0)
 [DEBUG] ========== setupDiagramDrag CALL #29 ==========
 [DEBUG] setupDiagramDrag: preserveOffset=true, offset=(0, 0), generatedLegendPosition=right
 [DEBUG] setupDiagramDrag element 0 (tick): DOM transform=(500, 500)
 [DEBUG] setupDiagramDrag element 1 (Axis): DOM transform=(500, 500)
 [DEBUG] setupDiagramDrag element 2 (gc_content): DOM transform=(500, 500)
 [DEBUG] setupDiagramDrag element 3 (skew): DOM transform=(500, 500)
 [DEBUG] setupDiagramDrag element 4 (MW460250.1): DOM transform=(500, 500)
 [DEBUG] setupDiagramDrag element 5 (MW460250.1): DOM transform=(500, 500)
 [DEBUG] setupDiagramDrag FINISHED: Set 6 original transforms
 [DEBUG]   -> tick: (500, 500)
 [DEBUG]   -> Axis: (500, 500)
 [DEBUG]   -> gc_content: (500, 500)
 [DEBUG]   -> skew: (500, 500)
 [DEBUG]   -> MW460250.1: (500, 500)
 [DEBUG]   -> MW460250.1: (500, 500)
 Loaded 3 rules from file.
 addLegendEntry called with caption="WSSV-like proteins", color="#89d1fa"
 Added legend entry: "WSSV-like proteins" to 1 legend group(s)
 addLegendEntry called with caption="BIRP", color="#ffff00"
 Added legend entry: "BIRP" to 1 legend group(s)
 Attached handlers to 248 feature paths (248 unique features)
 [DEBUG] After DOM update - tick transform: translate(500.0,500.0)
 [DEBUG] ========== setupDiagramDrag CALL #30 ==========
 [DEBUG] setupDiagramDrag: preserveOffset=true, offset=(0, 0), generatedLegendPosition=right
 [DEBUG] setupDiagramDrag element 0 (tick): DOM transform=(500, 500)
 [DEBUG] setupDiagramDrag element 1 (Axis): DOM transform=(500, 500)
 [DEBUG] setupDiagramDrag element 2 (gc_content): DOM transform=(500, 500)
 [DEBUG] setupDiagramDrag element 3 (skew): DOM transform=(500, 500)
 [DEBUG] setupDiagramDrag element 4 (MW460250.1): DOM transform=(500, 500)
 [DEBUG] setupDiagramDrag element 5 (MW460250.1): DOM transform=(500, 500)
 [DEBUG] setupDiagramDrag FINISHED: Set 6 original transforms
 [DEBUG]   -> tick: (500, 500)
 [DEBUG]   -> Axis: (500, 500)
 [DEBUG]   -> gc_content: (500, 500)
 [DEBUG]   -> skew: (500, 500)
 [DEBUG]   -> MW460250.1: (500, 500)
 [DEBUG]   -> MW460250.1: (500, 500)
 addLegendEntry called with caption="tyrosine recombinase", color="#ff0000"
 Added legend entry: "tyrosine recombinase" to 1 legend group(s)
 Attached handlers to 248 feature paths (248 unique features)
 [DEBUG] After DOM update - tick transform: translate(500.0,500.0)
 [DEBUG] ========== setupDiagramDrag CALL #31 ==========
 [DEBUG] setupDiagramDrag: preserveOffset=true, offset=(0, 0), generatedLegendPosition=right
 [DEBUG] setupDiagramDrag element 0 (tick): DOM transform=(500, 500)
 [DEBUG] setupDiagramDrag element 1 (Axis): DOM transform=(500, 500)
 [DEBUG] setupDiagramDrag element 2 (gc_content): DOM transform=(500, 500)
 [DEBUG] setupDiagramDrag element 3 (skew): DOM transform=(500, 500)
 [DEBUG] setupDiagramDrag element 4 (MW460250.1): DOM transform=(500, 500)
 [DEBUG] setupDiagramDrag element 5 (MW460250.1): DOM transform=(500, 500)
 [DEBUG] setupDiagramDrag FINISHED: Set 6 original transforms
 [DEBUG]   -> tick: (500, 500)
 [DEBUG]   -> Axis: (500, 500)
 [DEBUG]   -> gc_content: (500, 500)
 [DEBUG]   -> skew: (500, 500)
 [DEBUG]   -> MW460250.1: (500, 500)
 [DEBUG]   -> MW460250.1: (500, 500)
 Added 3 legend entries from specific table.
 Attached handlers to 248 feature paths (248 unique features)
 [DEBUG] After DOM update - tick transform: translate(500.0,500.0)
 [DEBUG] ========== setupDiagramDrag CALL #32 ==========
 [DEBUG] setupDiagramDrag: preserveOffset=true, offset=(0, 0), generatedLegendPosition=right
 [DEBUG] setupDiagramDrag element 0 (tick): DOM transform=(500, 500)
 [DEBUG] setupDiagramDrag element 1 (Axis): DOM transform=(500, 500)
 [DEBUG] setupDiagramDrag element 2 (gc_content): DOM transform=(500, 500)
 [DEBUG] setupDiagramDrag element 3 (skew): DOM transform=(500, 500)
 [DEBUG] setupDiagramDrag element 4 (MW460250.1): DOM transform=(500, 500)
 [DEBUG] setupDiagramDrag element 5 (MW460250.1): DOM transform=(500, 500)
 [DEBUG] setupDiagramDrag FINISHED: Set 6 original transforms
 [DEBUG]   -> tick: (500, 500)
 [DEBUG]   -> Axis: (500, 500)
 [DEBUG]   -> gc_content: (500, 500)
 [DEBUG]   -> skew: (500, 500)
 [DEBUG]   -> MW460250.1: (500, 500)
 [DEBUG]   -> MW460250.1: (500, 500)
 CMD: --separate_strands -k CDS,rRNA,tRNA,tmRNA,ncRNA,repeat_region --definition_font_size 18 -d /combined_d.tsv -t /combined_t.tsv --scale_style bar --align_center --show_gc --show_skew --bitscore 50 --evalue 1e-2 --identity 0 --gbk /seq_0.gb /seq_1.gb -b /blast_0.txt
 User overrides applied: /combined_d.tsv
 INFO: Loading config file: /lib/python3.13/site-packages/gbdraw/data/config.toml
 INFO: Loading GenBank file(s)...
 INFO: BLAST results were provided. Only the first entry from each GenBank file will be loaded.
 INFO: Loading GenBank file /seq_0.gb
 INFO: Loading GenBank file /seq_1.gb
 INFO:              ... finished loading GenBank file(s)
 INFO: Number of sequences loaded to gbdraw: 2
 INFO: BLAST output visualization settings: e-value threshold: 0.01; bitscore threshold: 50.0; identity threshold: 0.0
 INFO: Loading comparison file(s)...
 INFO: Loading /blast_0.txt
 INFO:             ... finished loading comparison file(s)
 Generated SVG: out.svg
 Extracted 217 features from 2 file(s) for color editor.
 Attached handlers to 300 feature paths (215 unique features)
 [DEBUG] ========== setupDiagramDrag CALL #34 ==========
 [DEBUG] setupDiagramDrag: preserveOffset=false, offset=(0, 0), generatedLegendPosition=right
 [DEBUG] setupDiagramDrag element 0 (gc_content): DOM transform=(198.0859375, 92)
 [DEBUG] setupDiagramDrag element 1 (gc_skew): DOM transform=(198.0859375, 112)
 [DEBUG] setupDiagramDrag element 2 (length_bar): DOM transform=(198.0859375, 322)
 [DEBUG] setupDiagramDrag element 3 (comparison1): DOM transform=(198.0859375, 124)
 [DEBUG] setupDiagramDrag element 4 (LC738868.1): DOM transform=(198.0859375, 67)
 [DEBUG] setupDiagramDrag element 5 (LC738868.1): DOM transform=(139.234375, 67)
 [DEBUG] setupDiagramDrag element 6 (LC738874.1): DOM transform=(260.00261941681265, 233)
 [DEBUG] setupDiagramDrag element 7 (LC738874.1): DOM transform=(201.15105691681265, 233)
 [DEBUG] setupDiagramDrag element 8 (gc_content): DOM transform=(260.00261941681265, 258)
 [DEBUG] setupDiagramDrag element 9 (gc_skew): DOM transform=(260.00261941681265, 278)
 [DEBUG] setupDiagramDrag FINISHED: Set 10 original transforms
 [DEBUG]   -> gc_content: (198.0859375, 92)
 [DEBUG]   -> gc_skew: (198.0859375, 112)
 [DEBUG]   -> length_bar: (198.0859375, 322)
 [DEBUG]   -> comparison1: (198.0859375, 124)
 [DEBUG]   -> LC738868.1: (198.0859375, 67)
 [DEBUG]   -> LC738868.1: (139.234375, 67)
 [DEBUG]   -> LC738874.1: (260.00261941681265, 233)
 [DEBUG]   -> LC738874.1: (201.15105691681265, 233)
 [DEBUG]   -> gc_content: (260.00261941681265, 258)
 [DEBUG]   -> gc_skew: (260.00261941681265, 278)
 Captured original stroke: color=gray, width=0
 Attached handlers to 300 feature paths (215 unique features)
 [DEBUG] ========== setupDiagramDrag CALL #35 ==========
 [DEBUG] setupDiagramDrag: preserveOffset=true, offset=(0, 0), generatedLegendPosition=right
 [DEBUG] setupDiagramDrag element 0 (gc_content): DOM transform=(198.0859375, 92)
 [DEBUG] setupDiagramDrag element 1 (gc_skew): DOM transform=(198.0859375, 112)
 [DEBUG] setupDiagramDrag element 2 (length_bar): DOM transform=(198.0859375, 322)
 [DEBUG] setupDiagramDrag element 3 (comparison1): DOM transform=(198.0859375, 124)
 [DEBUG] setupDiagramDrag element 4 (LC738868.1): DOM transform=(198.0859375, 67)
 [DEBUG] setupDiagramDrag element 5 (LC738868.1): DOM transform=(139.234375, 67)
 [DEBUG] setupDiagramDrag element 6 (LC738874.1): DOM transform=(260.00261941681265, 233)
 [DEBUG] setupDiagramDrag element 7 (LC738874.1): DOM transform=(201.15105691681265, 233)
 [DEBUG] setupDiagramDrag element 8 (gc_content): DOM transform=(260.00261941681265, 258)
 [DEBUG] setupDiagramDrag element 9 (gc_skew): DOM transform=(260.00261941681265, 278)
 [DEBUG] setupDiagramDrag FINISHED: Set 10 original transforms
 [DEBUG]   -> gc_content: (198.0859375, 92)
 [DEBUG]   -> gc_skew: (198.0859375, 112)
 [DEBUG]   -> length_bar: (198.0859375, 322)
 [DEBUG]   -> comparison1: (198.0859375, 124)
 [DEBUG]   -> LC738868.1: (198.0859375, 67)
 [DEBUG]   -> LC738868.1: (139.234375, 67)
 [DEBUG]   -> LC738874.1: (260.00261941681265, 233)
 [DEBUG]   -> LC738874.1: (201.15105691681265, 233)
 [DEBUG]   -> gc_content: (260.00261941681265, 258)
 [DEBUG]   -> gc_skew: (260.00261941681265, 278)
 Applied styles: updated 307 elements
 Attached handlers to 300 feature paths (215 unique features)
 [DEBUG] ========== setupDiagramDrag CALL #36 ==========
 [DEBUG] setupDiagramDrag: preserveOffset=true, offset=(0, 0), generatedLegendPosition=right
 [DEBUG] setupDiagramDrag element 0 (gc_content): DOM transform=(198.0859375, 92)
 [DEBUG] setupDiagramDrag element 1 (gc_skew): DOM transform=(198.0859375, 112)
 [DEBUG] setupDiagramDrag element 2 (length_bar): DOM transform=(198.0859375, 322)
 [DEBUG] setupDiagramDrag element 3 (comparison1): DOM transform=(198.0859375, 124)
 [DEBUG] setupDiagramDrag element 4 (LC738868.1): DOM transform=(198.0859375, 67)
 [DEBUG] setupDiagramDrag element 5 (LC738868.1): DOM transform=(139.234375, 67)
 [DEBUG] setupDiagramDrag element 6 (LC738874.1): DOM transform=(260.00261941681265, 233)
 [DEBUG] setupDiagramDrag element 7 (LC738874.1): DOM transform=(201.15105691681265, 233)
 [DEBUG] setupDiagramDrag element 8 (gc_content): DOM transform=(260.00261941681265, 258)
 [DEBUG] setupDiagramDrag element 9 (gc_skew): DOM transform=(260.00261941681265, 278)
 [DEBUG] setupDiagramDrag FINISHED: Set 10 original transforms
 [DEBUG]   -> gc_content: (198.0859375, 92)
 [DEBUG]   -> gc_skew: (198.0859375, 112)
 [DEBUG]   -> length_bar: (198.0859375, 322)
 [DEBUG]   -> comparison1: (198.0859375, 124)
 [DEBUG]   -> LC738868.1: (198.0859375, 67)
 [DEBUG]   -> LC738868.1: (139.234375, 67)
 [DEBUG]   -> LC738874.1: (260.00261941681265, 233)
 [DEBUG]   -> LC738874.1: (201.15105691681265, 233)
 [DEBUG]   -> gc_content: (260.00261941681265, 258)
 [DEBUG]   -> gc_skew: (260.00261941681265, 278)
 Legend repositioned (linear): right -> bottom
 Attached handlers to 300 feature paths (215 unique features)
 [DEBUG] ========== setupDiagramDrag CALL #37 ==========
(index):6402 [DEBUG] setupDiagramDrag: preserveOffset=true, offset=(0, 0), generatedLegendPosition=bottom
(index):6405 [DEBUG] setupDiagramDrag element 0 (gc_content): DOM transform=(198.0859375, 92)
(index):6405 [DEBUG] setupDiagramDrag element 1 (gc_skew): DOM transform=(198.0859375, 112)
(index):6405 [DEBUG] setupDiagramDrag element 2 (length_bar): DOM transform=(198.0859375, 322)
(index):6405 [DEBUG] setupDiagramDrag element 3 (comparison1): DOM transform=(198.0859375, 124)
(index):6405 [DEBUG] setupDiagramDrag element 4 (LC738868.1): DOM transform=(198.0859375, 67)
(index):6405 [DEBUG] setupDiagramDrag element 5 (LC738868.1): DOM transform=(139.234375, 67)
(index):6405 [DEBUG] setupDiagramDrag element 6 (LC738874.1): DOM transform=(260.00261941681265, 233)
(index):6405 [DEBUG] setupDiagramDrag element 7 (LC738874.1): DOM transform=(201.15105691681265, 233)
(index):6405 [DEBUG] setupDiagramDrag element 8 (gc_content): DOM transform=(260.00261941681265, 258)
(index):6405 [DEBUG] setupDiagramDrag element 9 (gc_skew): DOM transform=(260.00261941681265, 278)
(index):6421 [DEBUG] setupDiagramDrag FINISHED: Set 10 original transforms
(index):6423 [DEBUG]   -> gc_content: (198.0859375, 92)
(index):6423 [DEBUG]   -> gc_skew: (198.0859375, 112)
(index):6423 [DEBUG]   -> length_bar: (198.0859375, 322)
(index):6423 [DEBUG]   -> comparison1: (198.0859375, 124)
(index):6423 [DEBUG]   -> LC738868.1: (198.0859375, 67)
(index):6423 [DEBUG]   -> LC738868.1: (139.234375, 67)
(index):6423 [DEBUG]   -> LC738874.1: (260.00261941681265, 233)
(index):6423 [DEBUG]   -> LC738874.1: (201.15105691681265, 233)
(index):6423 [DEBUG]   -> gc_content: (260.00261941681265, 258)
(index):6423 [DEBUG]   -> gc_skew: (260.00261941681265, 278)
(index):6165 [DEBUG] Linear Element 0 (gc_content): foundInMap=true, baseTransform= Proxy(Object)
(index):6165 [DEBUG] Linear Element 1 (gc_skew): foundInMap=true, baseTransform= Proxy(Object)
(index):6165 [DEBUG] Linear Element 2 (length_bar): foundInMap=true, baseTransform= Proxy(Object)
(index):6165 [DEBUG] Linear Element 3 (comparison1): foundInMap=true, baseTransform= Proxy(Object)
(index):6165 [DEBUG] Linear Element 4 (LC738868.1): foundInMap=true, baseTransform= Proxy(Object)
(index):6165 [DEBUG] Linear Element 5 (LC738868.1): foundInMap=true, baseTransform= Proxy(Object)
(index):6165 [DEBUG] Linear Element 6 (LC738874.1): foundInMap=true, baseTransform= Proxy(Object)
(index):6165 [DEBUG] Linear Element 7 (LC738874.1): foundInMap=true, baseTransform= Proxy(Object)
(index):6165 [DEBUG] Linear Element 8 (gc_content): foundInMap=true, baseTransform= Proxy(Object)
(index):6165 [DEBUG] Linear Element 9 (gc_skew): foundInMap=true, baseTransform= Proxy(Object)
(index):6331 Legend repositioned (linear): bottom -> left
(index):2180 Attached handlers to 300 feature paths (215 unique features)
(index):6401 [DEBUG] ========== setupDiagramDrag CALL #38 ==========
(index):6402 [DEBUG] setupDiagramDrag: preserveOffset=true, offset=(0, 0), generatedLegendPosition=left
(index):6405 [DEBUG] setupDiagramDrag element 0 (gc_content): DOM transform=(405.58941650390625, 92)
(index):6405 [DEBUG] setupDiagramDrag element 1 (gc_skew): DOM transform=(405.58941650390625, 112)
(index):6405 [DEBUG] setupDiagramDrag element 2 (length_bar): DOM transform=(405.58941650390625, 322)
(index):6405 [DEBUG] setupDiagramDrag element 3 (comparison1): DOM transform=(405.58941650390625, 124)
(index):6405 [DEBUG] setupDiagramDrag element 4 (LC738868.1): DOM transform=(405.58941650390625, 67)
(index):6405 [DEBUG] setupDiagramDrag element 5 (LC738868.1): DOM transform=(346.73785400390625, 67)
(index):6405 [DEBUG] setupDiagramDrag element 6 (LC738874.1): DOM transform=(467.5060984207189, 233)
(index):6405 [DEBUG] setupDiagramDrag element 7 (LC738874.1): DOM transform=(408.6545359207189, 233)
(index):6405 [DEBUG] setupDiagramDrag element 8 (gc_content): DOM transform=(467.5060984207189, 258)
(index):6405 [DEBUG] setupDiagramDrag element 9 (gc_skew): DOM transform=(467.5060984207189, 278)
(index):6421 [DEBUG] setupDiagramDrag FINISHED: Set 10 original transforms
(index):6423 [DEBUG]   -> gc_content: (405.58941650390625, 92)
(index):6423 [DEBUG]   -> gc_skew: (405.58941650390625, 112)
(index):6423 [DEBUG]   -> length_bar: (405.58941650390625, 322)
(index):6423 [DEBUG]   -> comparison1: (405.58941650390625, 124)
(index):6423 [DEBUG]   -> LC738868.1: (405.58941650390625, 67)
(index):6423 [DEBUG]   -> LC738868.1: (346.73785400390625, 67)
(index):6423 [DEBUG]   -> LC738874.1: (467.5060984207189, 233)
(index):6423 [DEBUG]   -> LC738874.1: (408.6545359207189, 233)
(index):6423 [DEBUG]   -> gc_content: (467.5060984207189, 258)
(index):6423 [DEBUG]   -> gc_skew: (467.5060984207189, 278)
